0 info it worked if it ends with ok
1 verbose cli [ '/Users/vedad27/.nvm/versions/node/v6.5.0/bin/node',
1 verbose cli   '/Users/vedad27/.nvm/versions/node/v6.5.0/bin/npm',
1 verbose cli   'start' ]
2 info using npm@3.10.6
3 info using node@v6.5.0
4 verbose run-script [ 'prestart', 'start', 'poststart' ]
5 info lifecycle codenames@1.0.0~prestart: codenames@1.0.0
6 silly lifecycle codenames@1.0.0~prestart: no script for prestart, continuing
7 info lifecycle codenames@1.0.0~start: codenames@1.0.0
8 verbose lifecycle codenames@1.0.0~start: unsafe-perm in lifecycle true
9 verbose lifecycle codenames@1.0.0~start: PATH: /Users/vedad27/.nvm/versions/node/v6.5.0/lib/node_modules/npm/bin/node-gyp-bin:/Users/vedad27/vs/codenames/node_modules/.bin:/Users/vedad27/.nvm/versions/node/v6.5.0/bin:/Users/vedad27/.rbenv/shims:/usr/local/bin:/usr/bin:/bin:/usr/sbin:/sbin
10 verbose lifecycle codenames@1.0.0~start: CWD: /Users/vedad27/vs/codenames
11 silly lifecycle codenames@1.0.0~start: Args: [ '-c',
11 silly lifecycle   'webpack-dev-server --content-base dist/ --port 9000 --inline --hot' ]
12 silly lifecycle codenames@1.0.0~start: Returned: code: 1  signal: null
13 info lifecycle codenames@1.0.0~start: Failed to exec start script
14 verbose stack Error: codenames@1.0.0 start: `webpack-dev-server --content-base dist/ --port 9000 --inline --hot`
14 verbose stack Exit status 1
14 verbose stack     at EventEmitter.<anonymous> (/Users/vedad27/.nvm/versions/node/v6.5.0/lib/node_modules/npm/lib/utils/lifecycle.js:255:16)
14 verbose stack     at emitTwo (events.js:106:13)
14 verbose stack     at EventEmitter.emit (events.js:191:7)
14 verbose stack     at ChildProcess.<anonymous> (/Users/vedad27/.nvm/versions/node/v6.5.0/lib/node_modules/npm/lib/utils/spawn.js:40:14)
14 verbose stack     at emitTwo (events.js:106:13)
14 verbose stack     at ChildProcess.emit (events.js:191:7)
14 verbose stack     at maybeClose (internal/child_process.js:877:16)
14 verbose stack     at Process.ChildProcess._handle.onexit (internal/child_process.js:226:5)
15 verbose pkgid codenames@1.0.0
16 verbose cwd /Users/vedad27/vs/codenames
17 error Darwin 16.0.0
18 error argv "/Users/vedad27/.nvm/versions/node/v6.5.0/bin/node" "/Users/vedad27/.nvm/versions/node/v6.5.0/bin/npm" "start"
19 error node v6.5.0
20 error npm  v3.10.6
21 error code ELIFECYCLE
22 error codenames@1.0.0 start: `webpack-dev-server --content-base dist/ --port 9000 --inline --hot`
22 error Exit status 1
23 error Failed at the codenames@1.0.0 start script 'webpack-dev-server --content-base dist/ --port 9000 --inline --hot'.
23 error Make sure you have the latest version of node.js and npm installed.
23 error If you do, this is most likely a problem with the codenames package,
23 error not with npm itself.
23 error Tell the author that this fails on your system:
23 error     webpack-dev-server --content-base dist/ --port 9000 --inline --hot
23 error You can get information on how to open an issue for this project with:
23 error     npm bugs codenames
23 error Or if that isn't available, you can get their info via:
23 error     npm owner ls codenames
23 error There is likely additional logging output above.
24 verbose exit [ 1, true ]
